# JRE version: Java(TM) SE Runtime Environment (14.0.1+7) (build 14.0.1+7)
# Java VM: Java HotSpot(TM) 64-Bit Server VM (14.0.1+7, mixed mode, sharing, tiered, compressed oops, g1 gc, windows-amd64)
Heap:
 garbage-first heap   total 94208K, used 31672K [0x00000000c2800000, 0x0000000100000000)
  region size 1024K, 4 young (4096K), 4 survivors (4096K)
 Metaspace       used 52673K, capacity 54175K, committed 54400K, reserved 1095680K
  class space    used 6967K, capacity 7548K, committed 7552K, reserved 1048576K
GC Heap History (20 events):
Event: 10.193 GC heap after
{Heap after GC invocations=12 (full 0):
 garbage-first heap   total 61440K, used 16513K [0x00000000c2800000, 0x0000000100000000)
  region size 1024K, 4 young (4096K), 4 survivors (4096K)
 Metaspace       used 24993K, capacity 26042K, committed 26112K, reserved 1071104K
  class space    used 3345K, capacity 3770K, committed 3840K, reserved 1048576K
}
Event: 10.331 GC heap before
{Heap before GC invocations=12 (full 0):
 garbage-first heap   total 61440K, used 47233K [0x00000000c2800000, 0x0000000100000000)
  region size 1024K, 35 young (35840K), 4 survivors (4096K)
 Metaspace       used 25418K, capacity 26541K, committed 26624K, reserved 1073152K
  class space    used 3382K, capacity 3808K, committed 3840K, reserved 1048576K
}
Event: 10.345 GC heap after
{Heap after GC invocations=13 (full 0):
 garbage-first heap   total 61440K, used 16777K [0x00000000c2800000, 0x0000000100000000)
  region size 1024K, 2 young (2048K), 2 survivors (2048K)
 Metaspace       used 25418K, capacity 26541K, committed 26624K, reserved 1073152K
  class space    used 3382K, capacity 3808K, committed 3840K, reserved 1048576K
}
Event: 10.713 GC heap before
{Heap before GC invocations=13 (full 0):
 garbage-first heap   total 61440K, used 48521K [0x00000000c2800000, 0x0000000100000000)
  region size 1024K, 34 young (34816K), 2 survivors (2048K)
 Metaspace       used 27078K, capacity 28198K, committed 28416K, reserved 1073152K
  class space    used 3570K, capacity 3998K, committed 4096K, reserved 1048576K
}
Event: 10.720 GC heap after
{Heap after GC invocations=14 (full 0):
 garbage-first heap   total 61440K, used 17557K [0x00000000c2800000, 0x0000000100000000)
  region size 1024K, 3 young (3072K), 3 survivors (3072K)
 Metaspace       used 27078K, capacity 28198K, committed 28416K, reserved 1073152K
  class space    used 3570K, capacity 3998K, committed 4096K, reserved 1048576K
}
Event: 11.504 GC heap before
{Heap before GC invocations=14 (full 0):
 garbage-first heap   total 61440K, used 49301K [0x00000000c2800000, 0x0000000100000000)
  region size 1024K, 34 young (34816K), 3 survivors (3072K)
 Metaspace       used 31348K, capacity 32540K, committed 32768K, reserved 1077248K
  class space    used 4126K, capacity 4566K, committed 4608K, reserved 1048576K
}
Event: 11.516 GC heap after
{Heap after GC invocations=15 (full 0):
 garbage-first heap   total 61440K, used 20411K [0x00000000c2800000, 0x0000000100000000)
  region size 1024K, 5 young (5120K), 5 survivors (5120K)
 Metaspace       used 31348K, capacity 32540K, committed 32768K, reserved 1077248K
  class space    used 4126K, capacity 4566K, committed 4608K, reserved 1048576K
}
Event: 12.061 GC heap before
{Heap before GC invocations=15 (full 0):
 garbage-first heap   total 61440K, used 49083K [0x00000000c2800000, 0x0000000100000000)
  region size 1024K, 33 young (33792K), 5 survivors (5120K)
 Metaspace       used 34255K, capacity 35431K, committed 35584K, reserved 1079296K
  class space    used 4566K, capacity 5013K, committed 5120K, reserved 1048576K
}
Event: 12.076 GC heap after
{Heap after GC invocations=16 (full 0):
 garbage-first heap   total 61440K, used 22221K [0x00000000c2800000, 0x0000000100000000)
  region size 1024K, 2 young (2048K), 2 survivors (2048K)
 Metaspace       used 34255K, capacity 35431K, committed 35584K, reserved 1079296K
  class space    used 4566K, capacity 5013K, committed 5120K, reserved 1048576K
}
Event: 12.148 GC heap before
{Heap before GC invocations=16 (full 0):
 garbage-first heap   total 61440K, used 25293K [0x00000000c2800000, 0x0000000100000000)
  region size 1024K, 6 young (6144K), 2 survivors (2048K)
 Metaspace       used 34601K, capacity 35779K, committed 35840K, reserved 1079296K
  class space    used 4633K, capacity 5086K, committed 5120K, reserved 1048576K
}
Event: 12.154 GC heap after
{Heap after GC invocations=17 (full 0):
 garbage-first heap   total 73728K, used 21791K [0x00000000c2800000, 0x0000000100000000)
  region size 1024K, 2 young (2048K), 2 survivors (2048K)
 Metaspace       used 34601K, capacity 35779K, committed 35840K, reserved 1079296K
  class space    used 4633K, capacity 5086K, committed 5120K, reserved 1048576K
}
Event: 12.849 GC heap before
{Heap before GC invocations=18 (full 0):
 garbage-first heap   total 73728K, used 57631K [0x00000000c2800000, 0x0000000100000000)
  region size 1024K, 37 young (37888K), 2 survivors (2048K)
 Metaspace       used 38586K, capacity 39842K, committed 40064K, reserved 1083392K
  class space    used 5167K, capacity 5651K, committed 5760K, reserved 1048576K
}
Event: 12.860 GC heap after
{Heap after GC invocations=19 (full 0):
 garbage-first heap   total 73728K, used 23475K [0x00000000c2800000, 0x0000000100000000)
  region size 1024K, 3 young (3072K), 3 survivors (3072K)
 Metaspace       used 38586K, capacity 39842K, committed 40064K, reserved 1083392K
  class space    used 5167K, capacity 5651K, committed 5760K, reserved 1048576K
}
Event: 13.499 GC heap before
{Heap before GC invocations=19 (full 0):
 garbage-first heap   total 73728K, used 61363K [0x00000000c2800000, 0x0000000100000000)
  region size 1024K, 38 young (38912K), 3 survivors (3072K)
 Metaspace       used 42598K, capacity 43820K, committed 44032K, reserved 1087488K
  class space    used 5611K, capacity 6082K, committed 6144K, reserved 1048576K
}
Event: 13.515 GC heap after
{Heap after GC invocations=20 (full 0):
 garbage-first heap   total 73728K, used 26085K [0x00000000c2800000, 0x0000000100000000)
  region size 1024K, 5 young (5120K), 5 survivors (5120K)
 Metaspace       used 42598K, capacity 43820K, committed 44032K, reserved 1087488K
  class space    used 5611K, capacity 6082K, committed 6144K, reserved 1048576K
}
Event: 14.129 GC heap before
{Heap before GC invocations=20 (full 0):
 garbage-first heap   total 73728K, used 57829K [0x00000000c2800000, 0x0000000100000000)
  region size 1024K, 37 young (37888K), 5 survivors (5120K)
 Metaspace       used 45584K, capacity 46856K, committed 47104K, reserved 1089536K
  class space    used 6036K, capacity 6537K, committed 6656K, reserved 1048576K
}
Event: 14.155 GC heap after
{Heap after GC invocations=21 (full 0):
 garbage-first heap   total 73728K, used 28260K [0x00000000c2800000, 0x0000000100000000)
  region size 1024K, 5 young (5120K), 5 survivors (5120K)
 Metaspace       used 45584K, capacity 46856K, committed 47104K, reserved 1089536K
  class space    used 6036K, capacity 6537K, committed 6656K, reserved 1048576K
}
Event: 14.740 GC heap before
{Heap before GC invocations=21 (full 0):
 garbage-first heap   total 73728K, used 57956K [0x00000000c2800000, 0x0000000100000000)
  region size 1024K, 35 young (35840K), 5 survivors (5120K)
 Metaspace       used 49098K, capacity 50594K, committed 50944K, reserved 1093632K
  class space    used 6495K, capacity 7058K, committed 7168K, reserved 1048576K
}
Event: 14.756 GC heap after
{Heap after GC invocations=22 (full 0):
 garbage-first heap   total 73728K, used 29239K [0x00000000c2800000, 0x0000000100000000)
  region size 1024K, 4 young (4096K), 4 survivors (4096K)
 Metaspace       used 49098K, capacity 50594K, committed 50944K, reserved 1093632K
  class space    used 6495K, capacity 7058K, committed 7168K, reserved 1048576K
}
Event: 21.487 GC heap before
{Heap before GC invocations=22 (full 0):
 garbage-first heap   total 73728K, used 57911K [0x00000000c2800000, 0x0000000100000000)
  region size 1024K, 33 young (33792K), 4 survivors (4096K)
 Metaspace       used 52673K, capacity 54175K, committed 54400K, reserved 1095680K
  class space    used 6967K, capacity 7548K, committed 7552K, reserved 1048576K
}

